<?xml version="1.0" encoding="UTF-8"?>
<!-- Generated by org.testng.reporters.JUnitReportReporter -->
<testsuite hostname="Me" failures="0" tests="1" name="ExcelR_Project.Next_Page_Arrow" time="2.408" errors="0" timestamp="2024-06-13T11:30:52 IST" skipped="0">
  <testcase classname="ExcelR_Project.Next_Page_Arrow" name="tc" time="2.408"/>
</testsuite> <!-- ExcelR_Project.Next_Page_Arrow -->
