<?xml version="1.0" encoding="UTF-8"?>
<!-- Generated by org.testng.reporters.JUnitReportReporter -->
<testsuite hostname="Me" failures="0" tests="1" name="ExcelR_Project.Dropdown" time="2.164" errors="0" timestamp="2024-06-13T11:12:32 IST" skipped="0">
  <testcase classname="ExcelR_Project.Dropdown" name="tc" time="2.164"/>
</testsuite> <!-- ExcelR_Project.Dropdown -->
