<?xml version="1.0" encoding="UTF-8"?>
<!-- Generated by org.testng.reporters.JUnitReportReporter -->
<testsuite hostname="Me" failures="0" tests="1" name="ExcelR_Project.Remove_product_from_Cart" time="2.177" errors="0" timestamp="2024-06-13T11:35:39 IST" skipped="0">
  <testcase classname="ExcelR_Project.Remove_product_from_Cart" name="tc" time="2.177"/>
</testsuite> <!-- ExcelR_Project.Remove_product_from_Cart -->
