<?xml version="1.0" encoding="UTF-8"?>
<!-- Generated by org.testng.reporters.JUnitReportReporter -->
<testsuite hostname="Me" failures="0" tests="1" name="ExcelR_Project.Log_Out" time="6.371" errors="0" timestamp="2024-06-13T11:21:02 IST" skipped="0">
  <testcase classname="ExcelR_Project.Log_Out" name="tc" time="6.371"/>
</testsuite> <!-- ExcelR_Project.Log_Out -->
