<?xml version="1.0" encoding="UTF-8"?>
<!-- Generated by org.testng.reporters.JUnitReportReporter -->
<testsuite hostname="Me" failures="0" tests="1" name="ExcelR_Project.Product_Add_To_Cart" time="2.184" errors="0" timestamp="2024-06-13T11:34:00 IST" skipped="0">
  <testcase classname="ExcelR_Project.Product_Add_To_Cart" name="tc" time="2.184"/>
</testsuite> <!-- ExcelR_Project.Product_Add_To_Cart -->
