<?xml version="1.0" encoding="UTF-8"?>
<!-- Generated by org.testng.reporters.JUnitReportReporter -->
<testsuite hostname="Me" failures="0" tests="1" name="ExcelR_Project.Compare_product" time="2.418" errors="0" timestamp="2024-06-13T11:08:16 IST" skipped="0">
  <testcase classname="ExcelR_Project.Compare_product" name="tc" time="2.418"/>
</testsuite> <!-- ExcelR_Project.Compare_product -->
