<?xml version="1.0" encoding="UTF-8"?>
<!-- Generated by org.testng.reporters.JUnitReportReporter -->
<testsuite hostname="Me" failures="0" tests="1" name="ExcelR_Project.Add_New_Address" time="6.128" errors="0" timestamp="2024-06-13T10:49:49 IST" skipped="0">
  <testcase classname="ExcelR_Project.Add_New_Address" name="tc" time="6.128"/>
</testsuite> <!-- ExcelR_Project.Add_New_Address -->
