<?xml version="1.0" encoding="UTF-8"?>
<!-- Generated by org.testng.reporters.JUnitReportReporter -->
<testsuite hostname="Me" failures="0" tests="1" name="ExcelR_Project.GoTo_HomePage_from_AnotherPage" time="2.253" errors="0" timestamp="2024-06-13T11:16:55 IST" skipped="0">
  <testcase classname="ExcelR_Project.GoTo_HomePage_from_AnotherPage" name="tc" time="2.253"/>
</testsuite> <!-- ExcelR_Project.GoTo_HomePage_from_AnotherPage -->
