<?xml version="1.0" encoding="UTF-8"?>
<!-- Generated by org.testng.reporters.JUnitReportReporter -->
<testsuite hostname="Me" failures="0" tests="1" name="ExcelR_Project.Select_Product" time="18.124" errors="0" timestamp="2024-06-13T11:38:39 IST" skipped="0">
  <testcase classname="ExcelR_Project.Select_Product" name="tc" time="18.124"/>
</testsuite> <!-- ExcelR_Project.Select_Product -->
