<?xml version="1.0" encoding="UTF-8"?>
<!-- Generated by org.testng.reporters.JUnitReportReporter -->
<testsuite hostname="Me" failures="0" tests="1" name="ExcelR_Project.Search_box" time="26.798" errors="0" timestamp="2024-06-13T11:37:04 IST" skipped="0">
  <testcase classname="ExcelR_Project.Search_box" name="tc" time="26.798"/>
</testsuite> <!-- ExcelR_Project.Search_box -->
