<?xml version="1.0" encoding="UTF-8"?>
<!-- Generated by org.testng.reporters.JUnitReportReporter -->
<testsuite hostname="Me" failures="0" tests="1" name="ExcelR_Project.Add_Product_To_Wishlist" time="1.988" errors="0" timestamp="2024-06-13T10:52:39 IST" skipped="0">
  <testcase classname="ExcelR_Project.Add_Product_To_Wishlist" name="tc" time="1.988"/>
</testsuite> <!-- ExcelR_Project.Add_Product_To_Wishlist -->
