<?xml version="1.0" encoding="UTF-8"?>
<!-- Generated by org.testng.reporters.JUnitReportReporter -->
<testsuite hostname="Me" failures="0" tests="1" name="ExcelR_Project.GridAndList_View" time="20.172" errors="0" timestamp="2024-06-13T11:19:30 IST" skipped="0">
  <testcase classname="ExcelR_Project.GridAndList_View" name="tc" time="20.172"/>
</testsuite> <!-- ExcelR_Project.GridAndList_View -->
