<?xml version="1.0" encoding="UTF-8"?>
<!-- Generated by org.testng.reporters.JUnitReportReporter -->
<testsuite hostname="Me" failures="0" tests="1" name="ExcelR_Project.Checkout_Product" time="2.088" errors="0" timestamp="2024-06-13T11:06:12 IST" skipped="0">
  <testcase classname="ExcelR_Project.Checkout_Product" name="tc" time="2.088"/>
</testsuite> <!-- ExcelR_Project.Checkout_Product -->
