<?xml version="1.0" encoding="UTF-8"?>
<!-- Generated by org.testng.reporters.JUnitReportReporter -->
<testsuite hostname="Me" failures="0" tests="1" name="ExcelR_Project.My_Wishlist" time="8.689" errors="0" timestamp="2024-06-13T11:24:41 IST" skipped="0">
  <testcase classname="ExcelR_Project.My_Wishlist" name="tc" time="8.689"/>
</testsuite> <!-- ExcelR_Project.My_Wishlist -->
