<?xml version="1.0" encoding="UTF-8"?>
<!-- Generated by org.testng.reporters.JUnitReportReporter -->
<testsuite hostname="Me" failures="0" tests="1" name="ExcelR_Project.Orders_And_Return_Link" time="11.451" errors="0" timestamp="2024-06-13T11:32:25 IST" skipped="0">
  <testcase classname="ExcelR_Project.Orders_And_Return_Link" name="tc" time="11.451"/>
</testsuite> <!-- ExcelR_Project.Orders_And_Return_Link -->
