<?xml version="1.0" encoding="UTF-8"?>
<!-- Generated by org.testng.reporters.JUnitReportReporter -->
<testsuite hostname="Me" failures="0" tests="1" name="ExcelR_Project.Sign_In" time="5.808" errors="0" timestamp="2024-06-13T11:42:28 IST" skipped="0">
  <testcase classname="ExcelR_Project.Sign_In" name="tc" time="5.808"/>
</testsuite> <!-- ExcelR_Project.Sign_In -->
