<?xml version="1.0" encoding="UTF-8"?>
<!-- Generated by org.testng.reporters.JUnitReportReporter -->
<testsuite hostname="Me" failures="0" tests="1" name="ExcelR_Project.Show_items_per_page_Icon" time="2.389" errors="0" timestamp="2024-06-13T11:40:35 IST" skipped="0">
  <testcase classname="ExcelR_Project.Show_items_per_page_Icon" name="tc" time="2.389"/>
</testsuite> <!-- ExcelR_Project.Show_items_per_page_Icon -->
