<?xml version="1.0" encoding="UTF-8"?>
<!-- Generated by org.testng.reporters.JUnitReportReporter -->
<testsuite hostname="Me" failures="0" tests="1" name="ExcelR_Project.Arrow_of_SortBy_AscendingDescending" time="2.118" errors="0" timestamp="2024-06-13T10:57:26 IST" skipped="0">
  <testcase classname="ExcelR_Project.Arrow_of_SortBy_AscendingDescending" name="tc" time="2.118"/>
</testsuite> <!-- ExcelR_Project.Arrow_of_SortBy_AscendingDescending -->
